  [1m[35m (0.1ms)[0m  [1m[34mSELECT sqlite_version(*)[0m
  [1m[35m (190.2ms)[0m  [1m[35mCREATE TABLE "schema_migrations" ("version" varchar NOT NULL PRIMARY KEY)[0m
  [1m[35m (101.3ms)[0m  [1m[35mCREATE TABLE "ar_internal_metadata" ("key" varchar NOT NULL PRIMARY KEY, "value" varchar, "created_at" datetime NOT NULL, "updated_at" datetime NOT NULL)[0m
  [1m[35m (0.4ms)[0m  [1m[34mSELECT "schema_migrations"."version" FROM "schema_migrations" ORDER BY "schema_migrations"."version" ASC[0m
Migrating to CreateBlogs (20180224001105)
  [1m[35m (0.2ms)[0m  [1m[36mbegin transaction[0m
  [1m[35m (2.3ms)[0m  [1m[35mCREATE TABLE "blogs" ("id" INTEGER PRIMARY KEY AUTOINCREMENT NOT NULL, "title" varchar, "body" text, "created_at" datetime NOT NULL, "updated_at" datetime NOT NULL)[0m
  [1m[35mSQL (4.0ms)[0m  [1m[32mINSERT INTO "schema_migrations" ("version") VALUES (?)[0m  [["version", "20180224001105"]]
  [1m[35m (94.8ms)[0m  [1m[36mcommit transaction[0m
Migrating to CreateSkills (20180301174439)
  [1m[35m (0.2ms)[0m  [1m[36mbegin transaction[0m
  [1m[35m (1.3ms)[0m  [1m[35mCREATE TABLE "skills" ("id" INTEGER PRIMARY KEY AUTOINCREMENT NOT NULL, "title" varchar, "percent_utilized" integer, "created_at" datetime NOT NULL, "updated_at" datetime NOT NULL)[0m
  [1m[35mSQL (0.6ms)[0m  [1m[32mINSERT INTO "schema_migrations" ("version") VALUES (?)[0m  [["version", "20180301174439"]]
  [1m[35m (85.2ms)[0m  [1m[36mcommit transaction[0m
Migrating to CreatePortfolios (20180301190912)
  [1m[35m (0.2ms)[0m  [1m[36mbegin transaction[0m
  [1m[35m (2.1ms)[0m  [1m[35mCREATE TABLE "portfolios" ("id" INTEGER PRIMARY KEY AUTOINCREMENT NOT NULL, "title" varchar, "subtitle" varchar, "body" text, "main_image" text, "created_at" datetime NOT NULL, "updated_at" datetime NOT NULL)[0m
  [1m[35mSQL (1.0ms)[0m  [1m[32mINSERT INTO "schema_migrations" ("version") VALUES (?)[0m  [["version", "20180301190912"]]
  [1m[35m (85.8ms)[0m  [1m[36mcommit transaction[0m
  [1m[36mActiveRecord::InternalMetadata Load (0.5ms)[0m  [1m[34mSELECT  "ar_internal_metadata".* FROM "ar_internal_metadata" WHERE "ar_internal_metadata"."key" = ? LIMIT ?[0m  [["key", "environment"], ["LIMIT", 1]]
  [1m[35m (0.1ms)[0m  [1m[36mbegin transaction[0m
  [1m[35mSQL (2.5ms)[0m  [1m[32mINSERT INTO "ar_internal_metadata" ("key", "value", "created_at", "updated_at") VALUES (?, ?, ?, ?)[0m  [["key", "environment"], ["value", "development"], ["created_at", "2018-03-04 01:59:08.670414"], ["updated_at", "2018-03-04 01:59:08.670414"]]
  [1m[35m (84.9ms)[0m  [1m[36mcommit transaction[0m
  [1m[35m (0.4ms)[0m  [1m[34mSELECT "schema_migrations"."version" FROM "schema_migrations" ORDER BY "schema_migrations"."version" ASC[0m
Started GET "/" for 127.0.0.1 at 2018-03-04 02:04:29 +0000
  [1m[35m (0.2ms)[0m  [1m[34mSELECT "schema_migrations"."version" FROM "schema_migrations" ORDER BY "schema_migrations"."version" ASC[0m
Processing by Rails::WelcomeController#index as HTML
  Rendering /home/cian/.rvm/gems/ruby-2.4.1/gems/railties-5.1.5/lib/rails/templates/rails/welcome/index.html.erb
  Rendered /home/cian/.rvm/gems/ruby-2.4.1/gems/railties-5.1.5/lib/rails/templates/rails/welcome/index.html.erb (2.3ms)
Completed 200 OK in 12ms (Views: 5.8ms | ActiveRecord: 0.0ms)


Started GET "/home" for 127.0.0.1 at 2018-03-04 02:04:34 +0000
  
ActionController::RoutingError (No route matches [GET] "/home"):
  
actionpack (5.1.5) lib/action_dispatch/middleware/debug_exceptions.rb:63:in `call'
web-console (3.5.1) lib/web_console/middleware.rb:135:in `call_app'
web-console (3.5.1) lib/web_console/middleware.rb:28:in `block in call'
web-console (3.5.1) lib/web_console/middleware.rb:18:in `catch'
web-console (3.5.1) lib/web_console/middleware.rb:18:in `call'
actionpack (5.1.5) lib/action_dispatch/middleware/show_exceptions.rb:31:in `call'
railties (5.1.5) lib/rails/rack/logger.rb:36:in `call_app'
railties (5.1.5) lib/rails/rack/logger.rb:24:in `block in call'
activesupport (5.1.5) lib/active_support/tagged_logging.rb:69:in `block in tagged'
activesupport (5.1.5) lib/active_support/tagged_logging.rb:26:in `tagged'
activesupport (5.1.5) lib/active_support/tagged_logging.rb:69:in `tagged'
railties (5.1.5) lib/rails/rack/logger.rb:24:in `call'
sprockets-rails (3.2.1) lib/sprockets/rails/quiet_assets.rb:13:in `call'
actionpack (5.1.5) lib/action_dispatch/middleware/remote_ip.rb:79:in `call'
actionpack (5.1.5) lib/action_dispatch/middleware/request_id.rb:25:in `call'
rack (2.0.4) lib/rack/method_override.rb:22:in `call'
rack (2.0.4) lib/rack/runtime.rb:22:in `call'
activesupport (5.1.5) lib/active_support/cache/strategy/local_cache_middleware.rb:27:in `call'
actionpack (5.1.5) lib/action_dispatch/middleware/executor.rb:12:in `call'
actionpack (5.1.5) lib/action_dispatch/middleware/static.rb:125:in `call'
rack (2.0.4) lib/rack/sendfile.rb:111:in `call'
railties (5.1.5) lib/rails/engine.rb:522:in `call'
puma (3.11.2) lib/puma/configuration.rb:225:in `call'
puma (3.11.2) lib/puma/server.rb:624:in `handle_request'
puma (3.11.2) lib/puma/server.rb:438:in `process_client'
puma (3.11.2) lib/puma/server.rb:302:in `block in run'
puma (3.11.2) lib/puma/thread_pool.rb:120:in `block in spawn_thread'
Started GET "/" for 127.0.0.1 at 2018-03-04 02:04:43 +0000
Processing by Rails::WelcomeController#index as HTML
  Rendering /home/cian/.rvm/gems/ruby-2.4.1/gems/railties-5.1.5/lib/rails/templates/rails/welcome/index.html.erb
  Rendered /home/cian/.rvm/gems/ruby-2.4.1/gems/railties-5.1.5/lib/rails/templates/rails/welcome/index.html.erb (8.5ms)
Completed 200 OK in 15ms (Views: 12.2ms | ActiveRecord: 0.0ms)


Started GET "/pages/home" for 127.0.0.1 at 2018-03-04 02:05:19 +0000
Processing by PagesController#home as HTML
  Rendering pages/home.html.erb within layouts/application
  [1m[36mSkill Load (0.6ms)[0m  [1m[34mSELECT  "skills".* FROM "skills" LIMIT ?[0m  [["LIMIT", 11]]
  Rendered pages/home.html.erb within layouts/application (4.3ms)
Completed 200 OK in 1150ms (Views: 1140.3ms | ActiveRecord: 1.3ms)


Started GET "/resources%20:blogs" for 127.0.0.1 at 2018-03-04 02:10:23 +0000
  
ActionController::RoutingError (No route matches [GET] "/resources%20:blogs"):
  
actionpack (5.1.5) lib/action_dispatch/middleware/debug_exceptions.rb:63:in `call'
web-console (3.5.1) lib/web_console/middleware.rb:135:in `call_app'
web-console (3.5.1) lib/web_console/middleware.rb:28:in `block in call'
web-console (3.5.1) lib/web_console/middleware.rb:18:in `catch'
web-console (3.5.1) lib/web_console/middleware.rb:18:in `call'
actionpack (5.1.5) lib/action_dispatch/middleware/show_exceptions.rb:31:in `call'
railties (5.1.5) lib/rails/rack/logger.rb:36:in `call_app'
railties (5.1.5) lib/rails/rack/logger.rb:24:in `block in call'
activesupport (5.1.5) lib/active_support/tagged_logging.rb:69:in `block in tagged'
activesupport (5.1.5) lib/active_support/tagged_logging.rb:26:in `tagged'
activesupport (5.1.5) lib/active_support/tagged_logging.rb:69:in `tagged'
railties (5.1.5) lib/rails/rack/logger.rb:24:in `call'
sprockets-rails (3.2.1) lib/sprockets/rails/quiet_assets.rb:13:in `call'
actionpack (5.1.5) lib/action_dispatch/middleware/remote_ip.rb:79:in `call'
actionpack (5.1.5) lib/action_dispatch/middleware/request_id.rb:25:in `call'
rack (2.0.4) lib/rack/method_override.rb:22:in `call'
rack (2.0.4) lib/rack/runtime.rb:22:in `call'
activesupport (5.1.5) lib/active_support/cache/strategy/local_cache_middleware.rb:27:in `call'
actionpack (5.1.5) lib/action_dispatch/middleware/executor.rb:12:in `call'
actionpack (5.1.5) lib/action_dispatch/middleware/static.rb:125:in `call'
rack (2.0.4) lib/rack/sendfile.rb:111:in `call'
railties (5.1.5) lib/rails/engine.rb:522:in `call'
puma (3.11.2) lib/puma/configuration.rb:225:in `call'
puma (3.11.2) lib/puma/server.rb:624:in `handle_request'
puma (3.11.2) lib/puma/server.rb:438:in `process_client'
puma (3.11.2) lib/puma/server.rb:302:in `block in run'
puma (3.11.2) lib/puma/thread_pool.rb:120:in `block in spawn_thread'
Started GET "/blogs/new" for 127.0.0.1 at 2018-03-04 02:10:33 +0000
Processing by BlogsController#new as HTML
Completed 500 Internal Server Error in 12ms (ActiveRecord: 0.0ms)


  
NameError (uninitialized constant BlogsController::Blog):
  
app/controllers/blogs_controller.rb:17:in `new'
Started GET "/blogs/create" for 127.0.0.1 at 2018-03-04 02:11:46 +0000
Processing by BlogsController#show as HTML
  Parameters: {"id"=>"create"}
Completed 500 Internal Server Error in 6ms (ActiveRecord: 0.0ms)


  
NameError (uninitialized constant BlogsController::Blog):
  
app/controllers/blogs_controller.rb:67:in `set_blog'
Started GET "/blogs/new" for 127.0.0.1 at 2018-03-04 02:12:03 +0000
Processing by BlogsController#new as HTML
Completed 500 Internal Server Error in 3ms (ActiveRecord: 0.0ms)


  
NameError (uninitialized constant BlogsController::Blog):
  
app/controllers/blogs_controller.rb:17:in `new'
Started GET "/blogs/new" for 127.0.0.1 at 2018-03-04 02:15:44 +0000
Processing by BlogsController#new as HTML
Completed 500 Internal Server Error in 2ms


  
NameError (uninitialized constant BlogsController::Blog):
  
app/controllers/blogs_controller.rb:67:in `set_blog'
Started GET "/home" for 127.0.0.1 at 2018-03-04 02:18:24 +0000
  
ActionController::RoutingError (No route matches [GET] "/home"):
  
actionpack (5.1.5) lib/action_dispatch/middleware/debug_exceptions.rb:63:in `call'
web-console (3.5.1) lib/web_console/middleware.rb:135:in `call_app'
web-console (3.5.1) lib/web_console/middleware.rb:28:in `block in call'
web-console (3.5.1) lib/web_console/middleware.rb:18:in `catch'
web-console (3.5.1) lib/web_console/middleware.rb:18:in `call'
actionpack (5.1.5) lib/action_dispatch/middleware/show_exceptions.rb:31:in `call'
railties (5.1.5) lib/rails/rack/logger.rb:36:in `call_app'
railties (5.1.5) lib/rails/rack/logger.rb:24:in `block in call'
activesupport (5.1.5) lib/active_support/tagged_logging.rb:69:in `block in tagged'
activesupport (5.1.5) lib/active_support/tagged_logging.rb:26:in `tagged'
activesupport (5.1.5) lib/active_support/tagged_logging.rb:69:in `tagged'
railties (5.1.5) lib/rails/rack/logger.rb:24:in `call'
sprockets-rails (3.2.1) lib/sprockets/rails/quiet_assets.rb:13:in `call'
actionpack (5.1.5) lib/action_dispatch/middleware/remote_ip.rb:79:in `call'
actionpack (5.1.5) lib/action_dispatch/middleware/request_id.rb:25:in `call'
rack (2.0.4) lib/rack/method_override.rb:22:in `call'
rack (2.0.4) lib/rack/runtime.rb:22:in `call'
activesupport (5.1.5) lib/active_support/cache/strategy/local_cache_middleware.rb:27:in `call'
actionpack (5.1.5) lib/action_dispatch/middleware/executor.rb:12:in `call'
actionpack (5.1.5) lib/action_dispatch/middleware/static.rb:125:in `call'
rack (2.0.4) lib/rack/sendfile.rb:111:in `call'
railties (5.1.5) lib/rails/engine.rb:522:in `call'
puma (3.11.2) lib/puma/configuration.rb:225:in `call'
puma (3.11.2) lib/puma/server.rb:624:in `handle_request'
puma (3.11.2) lib/puma/server.rb:438:in `process_client'
puma (3.11.2) lib/puma/server.rb:302:in `block in run'
puma (3.11.2) lib/puma/thread_pool.rb:120:in `block in spawn_thread'
Started GET "/pages/home" for 127.0.0.1 at 2018-03-04 02:18:29 +0000
Processing by PagesController#home as HTML
  Rendering pages/home.html.erb within layouts/application
  [1m[36mSkill Load (0.2ms)[0m  [1m[34mSELECT  "skills".* FROM "skills" LIMIT ?[0m  [["LIMIT", 11]]
  Rendered pages/home.html.erb within layouts/application (2.9ms)
Completed 200 OK in 31ms (Views: 24.4ms | ActiveRecord: 0.9ms)


Started GET "/blogs/new" for 127.0.0.1 at 2018-03-04 02:20:10 +0000
Processing by BlogsController#new as HTML
  Rendering blogs/new.html.erb within layouts/application
  Rendered blogs/_form.html.erb (9.4ms)
  Rendered blogs/new.html.erb within layouts/application (11.2ms)
Completed 200 OK in 41ms (Views: 32.8ms | ActiveRecord: 0.8ms)


Started POST "/blogs" for 127.0.0.1 at 2018-03-04 02:20:26 +0000
Processing by BlogsController#create as HTML
  Parameters: {"utf8"=>"✓", "authenticity_token"=>"fs9wmp2tefoEvAh3yBwOI0F8HTJyXYSupyHl/Bjv1e7X/kr10eMEp1XyjxCu3FAagxrMMN+HQ2HQS5GIH+q/tg==", "blog"=>{"title"=>"Cian ", "body"=>"Hackett"}, "commit"=>"Create Blog"}
  [1m[35m (0.1ms)[0m  [1m[36mbegin transaction[0m
  [1m[35mSQL (31.9ms)[0m  [1m[32mINSERT INTO "blogs" ("title", "body", "created_at", "updated_at") VALUES (?, ?, ?, ?)[0m  [["title", "Cian "], ["body", "Hackett"], ["created_at", "2018-03-04 02:20:27.224655"], ["updated_at", "2018-03-04 02:20:27.224655"]]
  [1m[35m (218.9ms)[0m  [1m[36mcommit transaction[0m
Redirected to http://localhost:3000/blogs/1
Completed 302 Found in 578ms (ActiveRecord: 250.9ms)


Started GET "/blogs/1" for 127.0.0.1 at 2018-03-04 02:20:27 +0000
Processing by BlogsController#show as HTML
  Parameters: {"id"=>"1"}
  [1m[36mBlog Load (0.6ms)[0m  [1m[34mSELECT  "blogs".* FROM "blogs" WHERE "blogs"."id" = ? LIMIT ?[0m  [["id", 1], ["LIMIT", 1]]
  Rendering blogs/show.html.erb within layouts/application
  Rendered blogs/show.html.erb within layouts/application (1.8ms)
Completed 200 OK in 48ms (Views: 35.3ms | ActiveRecord: 0.6ms)


Started GET "/blogs" for 127.0.0.1 at 2018-03-04 02:20:31 +0000
Processing by BlogsController#index as HTML
  Rendering blogs/index.html.erb within layouts/application
  [1m[36mBlog Load (0.4ms)[0m  [1m[34mSELECT "blogs".* FROM "blogs"[0m
  Rendered blogs/index.html.erb within layouts/application (3.1ms)
Completed 200 OK in 47ms (Views: 43.1ms | ActiveRecord: 0.4ms)


Started GET "/pages/home" for 127.0.0.1 at 2018-03-04 02:20:37 +0000
Processing by PagesController#home as HTML
  Rendering pages/home.html.erb within layouts/application
  [1m[36mSkill Load (0.2ms)[0m  [1m[34mSELECT  "skills".* FROM "skills" LIMIT ?[0m  [["LIMIT", 11]]
  Rendered pages/home.html.erb within layouts/application (2.5ms)
Completed 200 OK in 37ms (Views: 32.3ms | ActiveRecord: 0.6ms)


  [1m[35m (0.0ms)[0m  [1m[36mbegin transaction[0m
  [1m[35mSQL (1.0ms)[0m  [1m[32mINSERT INTO "blogs" ("title", "body", "created_at", "updated_at") VALUES (?, ?, ?, ?)[0m  [["title", "Iamthebest"], ["body", "yeasaaai"], ["created_at", "2018-03-04 02:31:11.289542"], ["updated_at", "2018-03-04 02:31:11.289542"]]
  [1m[35m (626.1ms)[0m  [1m[36mcommit transaction[0m
